Reading netlist file: "C:\Users\vegad\Desktop\tang\7segments_counter\impl\gwsynthesis\7segments_counter.vg"
Parsing netlist file "C:\Users\vegad\Desktop\tang\7segments_counter\impl\gwsynthesis\7segments_counter.vg" completed
Processing netlist completed
Reading constraint file: "C:\Users\vegad\Desktop\tang\7segments_counter\src\7segments_counter.cst"
Physical Constraint parsed completed
Running placement......
[10%] Placement Phase 0 completed
[20%] Placement Phase 1 completed
[30%] Placement Phase 2 completed
[50%] Placement Phase 3 completed
Running routing......
[60%] Routing Phase 0 completed
[70%] Routing Phase 1 completed
[80%] Routing Phase 2 completed
WARN  (PR1014) : Generic routing resource will be used to clock signal 'i_clk_d' by the specified constraint. And then it may lead to the excessive delay or skew
[90%] Routing Phase 3 completed
Running timing analysis......
[95%] Timing analysis completed
Placement and routing completed
Bitstream generation in progress......
Bitstream generation completed
Running power analysis......
[100%] Power analysis completed
Generate file "C:\Users\vegad\Desktop\tang\7segments_counter\impl\pnr\7segments_counter.power.html" completed
Generate file "C:\Users\vegad\Desktop\tang\7segments_counter\impl\pnr\7segments_counter.pin.html" completed
Generate file "C:\Users\vegad\Desktop\tang\7segments_counter\impl\pnr\7segments_counter.rpt.html" completed
Generate file "C:\Users\vegad\Desktop\tang\7segments_counter\impl\pnr\7segments_counter.rpt.txt" completed
Generate file "C:\Users\vegad\Desktop\tang\7segments_counter\impl\pnr\7segments_counter.tr.html" completed
Tue Jun 25 20:57:23 2024

