Reading netlist file: "C:\Users\vegad\Desktop\tang\combinational_circuit\impl\gwsynthesis\combinational_circuit.vg"
Parsing netlist file "C:\Users\vegad\Desktop\tang\combinational_circuit\impl\gwsynthesis\combinational_circuit.vg" completed
Processing netlist completed
Reading constraint file: "C:\Users\vegad\Desktop\tang\combinational_circuit\src\combinational_circuit.cst"
Physical Constraint parsed completed
Running placement......
[10%] Placement Phase 0 completed
[20%] Placement Phase 1 completed
[30%] Placement Phase 2 completed
[50%] Placement Phase 3 completed
Running routing......
[60%] Routing Phase 0 completed
[70%] Routing Phase 1 completed
[80%] Routing Phase 2 completed
[90%] Routing Phase 3 completed
Running timing analysis......
[95%] Timing analysis completed
Placement and routing completed
Bitstream generation in progress......
Bitstream generation completed
Running power analysis......
[100%] Power analysis completed
Generate file "C:\Users\vegad\Desktop\tang\combinational_circuit\impl\pnr\combinational_circuit.power.html" completed
Generate file "C:\Users\vegad\Desktop\tang\combinational_circuit\impl\pnr\combinational_circuit.pin.html" completed
Generate file "C:\Users\vegad\Desktop\tang\combinational_circuit\impl\pnr\combinational_circuit.rpt.html" completed
Generate file "C:\Users\vegad\Desktop\tang\combinational_circuit\impl\pnr\combinational_circuit.rpt.txt" completed
Generate file "C:\Users\vegad\Desktop\tang\combinational_circuit\impl\pnr\combinational_circuit.tr.html" completed
Sun Jun 23 13:43:28 2024

